[04/16 07:17:35] display all the hyper-parameters in args:
[04/16 07:17:35] opt: sgd
[04/16 07:17:35] lr: 0.1
[04/16 07:17:35] gamma: 0.1
[04/16 07:17:35] epoch: 400
[04/16 07:17:35] stage: 3
[04/16 07:17:35] weight_decay: 0.0005
[04/16 07:17:35] gpu: 0
[04/16 07:17:35] seed: 42
[04/16 07:17:35] val_epoch: 20
[04/16 07:17:35] resnet: True
[04/16 07:17:35] nesterov: True
[04/16 07:17:35] pre: True
[04/16 07:17:35] no_val: False
[04/16 07:17:35] train_way: 15
[04/16 07:17:35] test_way: 5
[04/16 07:17:35] train_shot: 5
[04/16 07:17:35] test_shot: [1, 5]
[04/16 07:17:35] train_query_shot: 15
[04/16 07:17:35] test_query_shot: 16
[04/16 07:17:35] train_transform_type: 0
[04/16 07:17:35] test_transform_type: 0
[04/16 07:17:35] val_trial: 1000
[04/16 07:17:35] detailed_name: False
[04/16 07:17:35] alpha: 0.5
[04/16 07:17:35] ------------------------
[04/16 07:17:37] start training!
[04/16 07:49:03] 
[04/16 07:49:03] epoch 20/1200, iter 460:
[04/16 07:49:03] train_acc: 41.932
[04/16 07:50:30] val_5-way-5-shot_acc: 78.105	0.548
[04/16 07:50:30] BEST!
[04/16 08:23:43] 
[04/16 08:23:43] epoch 40/1200, iter 920:
[04/16 08:23:43] train_acc: 54.744
[04/16 08:25:13] val_5-way-5-shot_acc: 86.029	0.448
[04/16 08:25:13] BEST!
[04/16 08:57:21] 
[04/16 08:57:21] epoch 60/1200, iter 1380:
[04/16 08:57:21] train_acc: 61.121
[04/16 08:58:54] val_5-way-5-shot_acc: 88.419	0.429
[04/16 08:58:54] BEST!
[04/16 09:32:13] 
[04/16 09:32:13] epoch 80/1200, iter 1840:
[04/16 09:32:13] train_acc: 65.507
[04/16 09:33:47] val_5-way-5-shot_acc: 91.746	0.356
[04/16 09:33:48] BEST!
[04/16 10:07:26] 
[04/16 10:07:26] epoch 100/1200, iter 2300:
[04/16 10:07:26] train_acc: 68.155
[04/16 10:08:59] val_5-way-5-shot_acc: 91.309	0.363
[04/16 10:48:42] 
[04/16 10:48:42] epoch 120/1200, iter 2760:
[04/16 10:48:42] train_acc: 72.367
[04/16 10:50:33] val_5-way-5-shot_acc: 93.209	0.343
[04/16 10:50:33] BEST!
[04/16 11:28:53] 
[04/16 11:28:53] epoch 140/1200, iter 3220:
[04/16 11:28:53] train_acc: 72.792
[04/16 11:30:51] val_5-way-5-shot_acc: 92.489	0.323
[04/17 12:08:36] 
[04/17 12:08:36] epoch 160/1200, iter 3680:
[04/17 12:08:36] train_acc: 75.942
[04/17 12:10:18] val_5-way-5-shot_acc: 94.002	0.296
[04/17 12:10:18] BEST!
[04/17 12:48:14] 
[04/17 12:48:14] epoch 180/1200, iter 4140:
[04/17 12:48:14] train_acc: 76.251
[04/17 12:49:48] val_5-way-5-shot_acc: 94.699	0.284
[04/17 12:49:49] BEST!
[04/17 01:26:29] 
[04/17 01:26:29] epoch 200/1200, iter 4600:
[04/17 01:26:29] train_acc: 75.498
[04/17 01:28:09] val_5-way-5-shot_acc: 94.504	0.294
[04/17 02:03:49] 
[04/17 02:03:49] epoch 220/1200, iter 5060:
[04/17 02:03:49] train_acc: 77.952
[04/17 02:05:39] val_5-way-5-shot_acc: 94.593	0.299
[04/17 02:41:15] 
[04/17 02:41:15] epoch 240/1200, iter 5520:
[04/17 02:41:15] train_acc: 76.831
[04/17 02:42:53] val_5-way-5-shot_acc: 93.331	0.329
[04/17 03:19:13] 
[04/17 03:19:13] epoch 260/1200, iter 5980:
[04/17 03:19:13] train_acc: 77.372
[04/17 03:20:55] val_5-way-5-shot_acc: 94.655	0.292
[04/17 03:55:51] 
[04/17 03:55:51] epoch 280/1200, iter 6440:
[04/17 03:55:51] train_acc: 78.879
[04/17 03:57:20] val_5-way-5-shot_acc: 95.140	0.266
[04/17 03:57:21] BEST!
[04/17 04:29:13] 
[04/17 04:29:13] epoch 300/1200, iter 6900:
[04/17 04:29:13] train_acc: 79.826
[04/17 04:30:53] val_5-way-5-shot_acc: 94.974	0.263
[04/17 05:02:31] 
[04/17 05:02:31] epoch 320/1200, iter 7360:
[04/17 05:02:31] train_acc: 79.691
[04/17 05:04:12] val_5-way-5-shot_acc: 94.899	0.288
[04/17 05:40:03] 
[04/17 05:40:03] epoch 340/1200, iter 7820:
[04/17 05:40:03] train_acc: 79.749
[04/17 05:41:39] val_5-way-5-shot_acc: 95.185	0.270
[04/17 05:41:40] BEST!
[04/17 06:18:28] 
[04/17 06:18:28] epoch 360/1200, iter 8280:
[04/17 06:18:28] train_acc: 81.700
[04/17 06:20:04] val_5-way-5-shot_acc: 95.329	0.256
[04/17 06:20:04] BEST!
[04/17 06:56:37] 
[04/17 06:56:37] epoch 380/1200, iter 8740:
[04/17 06:56:37] train_acc: 79.556
[04/17 06:58:17] val_5-way-5-shot_acc: 95.750	0.251
[04/17 06:58:17] BEST!
[04/17 07:31:17] 
[04/17 07:31:17] epoch 400/1200, iter 9200:
[04/17 07:31:17] train_acc: 79.208
[04/17 07:32:55] val_5-way-5-shot_acc: 95.683	0.255
[04/17 08:04:44] 
[04/17 08:04:44] epoch 420/1200, iter 9660:
[04/17 08:04:44] train_acc: 87.575
[04/17 08:06:19] val_5-way-5-shot_acc: 97.216	0.204
[04/17 08:06:19] BEST!
[04/17 08:40:15] 
[04/17 08:40:15] epoch 440/1200, iter 10120:
[04/17 08:40:15] train_acc: 88.444
[04/17 08:42:01] val_5-way-5-shot_acc: 97.596	0.194
[04/17 08:42:01] BEST!
[04/17 09:18:02] 
[04/17 09:18:02] epoch 460/1200, iter 10580:
[04/17 09:18:02] train_acc: 88.812
[04/17 09:19:35] val_5-way-5-shot_acc: 97.520	0.201
[04/17 09:55:34] 
[04/17 09:55:34] epoch 480/1200, iter 11040:
[04/17 09:55:34] train_acc: 89.797
[04/17 09:57:27] val_5-way-5-shot_acc: 97.659	0.194
[04/17 09:57:27] BEST!
[04/17 10:35:10] 
[04/17 10:35:10] epoch 500/1200, iter 11500:
[04/17 10:35:10] train_acc: 90.106
[04/17 10:36:48] val_5-way-5-shot_acc: 97.600	0.190
[04/17 11:11:05] 
[04/17 11:11:05] epoch 520/1200, iter 11960:
[04/17 11:11:05] train_acc: 90.010
[04/17 11:12:44] val_5-way-5-shot_acc: 97.843	0.179
[04/17 11:12:44] BEST!
[04/17 11:45:39] 
[04/17 11:45:39] epoch 540/1200, iter 12420:
[04/17 11:45:39] train_acc: 91.884
[04/17 11:47:19] val_5-way-5-shot_acc: 97.831	0.180
[04/17 12:20:40] 
[04/17 12:20:40] epoch 560/1200, iter 12880:
[04/17 12:20:40] train_acc: 91.169
[04/17 12:22:20] val_5-way-5-shot_acc: 97.662	0.196
[04/17 12:56:14] 
[04/17 12:56:14] epoch 580/1200, iter 13340:
[04/17 12:56:14] train_acc: 90.667
[04/17 12:58:02] val_5-way-5-shot_acc: 97.794	0.184
[04/17 01:32:10] 
[04/17 01:32:10] epoch 600/1200, iter 13800:
[04/17 01:32:10] train_acc: 90.589
[04/17 01:33:44] val_5-way-5-shot_acc: 97.621	0.193
[04/17 02:07:23] 
[04/17 02:07:23] epoch 620/1200, iter 14260:
[04/17 02:07:23] train_acc: 91.826
[04/17 02:09:02] val_5-way-5-shot_acc: 97.836	0.183
[04/17 02:43:08] 
[04/17 02:43:08] epoch 640/1200, iter 14720:
[04/17 02:43:08] train_acc: 91.208
[04/17 02:44:45] val_5-way-5-shot_acc: 98.011	0.163
[04/17 02:44:45] BEST!
[04/17 03:19:30] 
[04/17 03:19:30] epoch 660/1200, iter 15180:
[04/17 03:19:30] train_acc: 90.628
[04/17 03:21:11] val_5-way-5-shot_acc: 97.868	0.183
[04/17 03:59:33] 
[04/17 03:59:33] epoch 680/1200, iter 15640:
[04/17 03:59:33] train_acc: 92.251
[04/17 04:01:28] val_5-way-5-shot_acc: 97.841	0.190
[04/17 04:39:10] 
[04/17 04:39:10] epoch 700/1200, iter 16100:
[04/17 04:39:10] train_acc: 90.899
[04/17 04:40:55] val_5-way-5-shot_acc: 97.860	0.176
[04/17 05:16:34] 
[04/17 05:16:34] epoch 720/1200, iter 16560:
[04/17 05:16:34] train_acc: 91.343
[04/17 05:18:26] val_5-way-5-shot_acc: 97.993	0.166
[04/17 05:54:11] 
[04/17 05:54:11] epoch 740/1200, iter 17020:
[04/17 05:54:11] train_acc: 91.169
[04/17 05:55:57] val_5-way-5-shot_acc: 97.894	0.177
[04/17 06:33:33] 
[04/17 06:33:33] epoch 760/1200, iter 17480:
[04/17 06:33:33] train_acc: 90.995
[04/17 06:35:21] val_5-way-5-shot_acc: 98.050	0.162
[04/17 06:35:21] BEST!
[04/17 07:13:39] 
[04/17 07:13:39] epoch 780/1200, iter 17940:
[04/17 07:13:39] train_acc: 92.097
[04/17 07:15:30] val_5-way-5-shot_acc: 97.755	0.183
[04/17 07:58:10] 
[04/17 07:58:10] epoch 800/1200, iter 18400:
[04/17 07:58:10] train_acc: 93.198
[04/17 08:03:32] val_5-way-5-shot_acc: 97.896	0.173
[04/17 09:08:46] 
[04/17 09:08:46] epoch 820/1200, iter 18860:
[04/17 09:08:46] train_acc: 93.101
[04/17 09:13:47] val_5-way-5-shot_acc: 98.199	0.177
[04/17 09:13:47] BEST!
[04/17 10:21:49] 
[04/17 10:21:49] epoch 840/1200, iter 19320:
[04/17 10:21:49] train_acc: 93.855
[04/17 10:25:30] val_5-way-5-shot_acc: 98.267	0.164
[04/17 10:25:31] BEST!
[04/17 11:30:03] 
[04/17 11:30:03] epoch 860/1200, iter 19780:
[04/17 11:30:03] train_acc: 94.048
[04/17 11:34:01] val_5-way-5-shot_acc: 98.340	0.158
[04/17 11:34:01] BEST!
[04/18 12:40:30] 
[04/18 12:40:30] epoch 880/1200, iter 20240:
[04/18 12:40:30] train_acc: 93.372
[04/18 12:44:22] val_5-way-5-shot_acc: 98.431	0.150
[04/18 12:44:22] BEST!
[04/18 01:52:37] 
[04/18 01:52:37] epoch 900/1200, iter 20700:
[04/18 01:52:37] train_acc: 93.159
[04/18 01:56:46] val_5-way-5-shot_acc: 98.305	0.170
[04/18 03:02:30] 
[04/18 03:02:30] epoch 920/1200, iter 21160:
[04/18 03:02:30] train_acc: 94.184
[04/18 03:05:53] val_5-way-5-shot_acc: 98.323	0.168
[04/18 04:07:46] 
[04/18 04:07:46] epoch 940/1200, iter 21620:
[04/18 04:07:46] train_acc: 94.473
[04/18 04:10:06] val_5-way-5-shot_acc: 98.491	0.142
[04/18 04:10:06] BEST!
[04/18 05:11:17] 
[04/18 05:11:17] epoch 960/1200, iter 22080:
[04/18 05:11:17] train_acc: 94.396
[04/18 05:14:27] val_5-way-5-shot_acc: 98.254	0.172
[04/18 06:03:53] 
[04/18 06:03:53] epoch 980/1200, iter 22540:
[04/18 06:03:53] train_acc: 94.087
[04/18 06:06:10] val_5-way-5-shot_acc: 98.397	0.152
[04/18 06:50:59] 
[04/18 06:50:59] epoch 1000/1200, iter 23000:
[04/18 06:50:59] train_acc: 94.783
[04/18 06:52:59] val_5-way-5-shot_acc: 98.368	0.167
[04/18 07:38:24] 
[04/18 07:38:24] epoch 1020/1200, iter 23460:
[04/18 07:38:24] train_acc: 94.860
[04/18 07:41:09] val_5-way-5-shot_acc: 98.272	0.168
[04/18 08:27:01] 
[04/18 08:27:01] epoch 1040/1200, iter 23920:
[04/18 08:27:01] train_acc: 93.237
[04/18 08:29:57] val_5-way-5-shot_acc: 98.418	0.143
[04/18 09:13:10] 
[04/18 09:13:10] epoch 1060/1200, iter 24380:
[04/18 09:13:10] train_acc: 94.338
[04/18 09:15:13] val_5-way-5-shot_acc: 98.484	0.147
[04/18 09:54:18] 
[04/18 09:54:18] epoch 1080/1200, iter 24840:
[04/18 09:54:18] train_acc: 94.531
[04/18 09:56:12] val_5-way-5-shot_acc: 98.384	0.164
[04/18 10:36:27] 
[04/18 10:36:27] epoch 1100/1200, iter 25300:
[04/18 10:36:27] train_acc: 94.667
[04/18 10:37:56] val_5-way-5-shot_acc: 98.331	0.176
[04/18 11:13:28] 
[04/18 11:13:28] epoch 1120/1200, iter 25760:
[04/18 11:13:28] train_acc: 94.319
[04/18 11:14:58] val_5-way-5-shot_acc: 98.444	0.162
[04/18 11:50:12] 
[04/18 11:50:12] epoch 1140/1200, iter 26220:
[04/18 11:50:12] train_acc: 94.570
[04/18 11:51:40] val_5-way-5-shot_acc: 98.139	0.167
[04/18 12:25:35] 
[04/18 12:25:35] epoch 1160/1200, iter 26680:
[04/18 12:25:35] train_acc: 94.415
[04/18 12:27:03] val_5-way-5-shot_acc: 98.326	0.164
[04/18 01:01:23] 
[04/18 01:01:23] epoch 1180/1200, iter 27140:
[04/18 01:01:23] train_acc: 94.126
[04/18 01:02:52] val_5-way-5-shot_acc: 98.317	0.155
[04/18 01:39:18] 
[04/18 01:39:18] epoch 1200/1200, iter 27600:
[04/18 01:39:18] train_acc: 94.918
[04/18 01:40:48] val_5-way-5-shot_acc: 98.403	0.155
[04/18 01:40:48] training finished!
[04/18 01:40:48] ------------------------
[04/18 01:40:48] the best epoch is 940/1200
[04/18 01:40:48] the best 5-way 5-shot val acc is 98.491
[04/18 01:40:48] ------------------------
[04/18 01:40:48] evaluating on test set:
[04/18 01:52:00] 5-way-1-shot acc: 87.22	0.17
[04/18 02:05:20] 5-way-5-shot acc: 95.45	0.08
